Arguments: 
  /usr/local/bin/node /usr/local/bin/yarn install

PATH: 
  /usr/local/go/bin:/Users/getcharzp/go/bin:/Users/getcharzp/anaconda3/bin:/usr/local/bin:/usr/bin:/bin:/usr/sbin:/sbin:/Users/getcharzp/Desktop/home/workStations/GoProjects/bin:/Applications/VMware Fusion.app/Contents/Public:/usr/local/go/bin:/Users/getcharzp/Desktop/home/software/apache-maven-3.8.2/bin

Yarn version: 
  1.22.19

Node version: 
  16.17.0

Platform: 
  darwin x64

Trace: 
  Error: https://github.com/sohee-lee7/Squire: ESOCKETTIMEDOUT
      at ClientRequest.<anonymous> (/usr/local/lib/node_modules/yarn/lib/cli.js:141517:19)
      at Object.onceWrapper (node:events:627:28)
      at ClientRequest.emit (node:events:513:28)
      at TLSSocket.emitRequestTimeout (node:_http_client:814:9)
      at Object.onceWrapper (node:events:627:28)
      at TLSSocket.emit (node:events:525:35)
      at TLSSocket.Socket._onTimeout (node:net:526:8)
      at listOnTimeout (node:internal/timers:559:17)
      at processTimers (node:internal/timers:502:7)

npm manifest: 
  {
    "name": "vue-element-admin",
    "version": "4.4.0",
    "description": "A magical vue admin. An out-of-box UI solution for enterprise applications. Newest development stack of vue. Lots of awesome features",
    "author": "Pan <panfree23@gmail.com>",
    "scripts": {
      "dev": "vue-cli-service serve",
      "lint": "eslint --ext .js,.vue src",
      "build:prod": "vue-cli-service build",
      "build:stage": "vue-cli-service build --mode staging",
      "preview": "node build/index.js --preview",
      "new": "plop",
      "svgo": "svgo -f src/icons/svg --config=src/icons/svgo.yml",
      "test:unit": "jest --clearCache && vue-cli-service test:unit",
      "test:ci": "npm run lint && npm run test:unit"
    },
    "dependencies": {
      "axios": "0.18.1",
      "clipboard": "2.0.4",
      "codemirror": "5.45.0",
      "core-js": "3.6.5",
      "driver.js": "0.9.5",
      "dropzone": "5.5.1",
      "echarts": "4.2.1",
      "element-ui": "2.13.2",
      "file-saver": "2.0.1",
      "fuse.js": "3.4.4",
      "js-cookie": "2.2.0",
      "jsonlint": "1.6.3",
      "jszip": "3.2.1",
      "normalize.css": "7.0.0",
      "nprogress": "0.2.0",
      "path-to-regexp": "2.4.0",
      "screenfull": "4.2.0",
      "script-loader": "0.7.2",
      "sortablejs": "1.8.4",
      "tui-editor": "1.3.3",
      "vue": "2.6.10",
      "vue-count-to": "1.0.13",
      "vue-router": "3.0.2",
      "vue-splitpane": "1.0.4",
      "vuedraggable": "2.20.0",
      "vuex": "3.1.0",
      "xlsx": "0.14.1"
    },
    "devDependencies": {
      "@vue/cli-plugin-babel": "4.4.4",
      "@vue/cli-plugin-eslint": "4.4.4",
      "@vue/cli-plugin-unit-jest": "4.4.4",
      "@vue/cli-service": "4.4.4",
      "@vue/test-utils": "1.0.0-beta.29",
      "autoprefixer": "9.5.1",
      "babel-eslint": "10.1.0",
      "babel-jest": "23.6.0",
      "babel-plugin-dynamic-import-node": "2.3.3",
      "chalk": "2.4.2",
      "chokidar": "2.1.5",
      "connect": "3.6.6",
      "eslint": "6.7.2",
      "eslint-plugin-vue": "6.2.2",
      "html-webpack-plugin": "3.2.0",
      "husky": "1.3.1",
      "lint-staged": "8.1.5",
      "mockjs": "1.0.1-beta3",
      "plop": "2.3.0",
      "runjs": "4.3.2",
      "sass": "1.26.2",
      "sass-loader": "8.0.2",
      "script-ext-html-webpack-plugin": "2.1.3",
      "serve-static": "1.13.2",
      "svg-sprite-loader": "4.1.3",
      "svgo": "1.2.0",
      "vue-template-compiler": "2.6.10"
    },
    "browserslist": [
      "> 1%",
      "last 2 versions"
    ],
    "bugs": {
      "url": "https://github.com/PanJiaChen/vue-element-admin/issues"
    },
    "engines": {
      "node": ">=8.9",
      "npm": ">= 3.0.0"
    },
    "keywords": [
      "vue",
      "admin",
      "dashboard",
      "element-ui",
      "boilerplate",
      "admin-template",
      "management-system"
    ],
    "license": "MIT",
    "lint-staged": {
      "src/**/*.{js,vue}": [
        "eslint --fix",
        "git add"
      ]
    },
    "husky": {
      "hooks": {
        "pre-commit": "lint-staged"
      }
    },
    "repository": {
      "type": "git",
      "url": "git+https://github.com/PanJiaChen/vue-element-admin.git"
    }
  }

yarn manifest: 
  No manifest

Lockfile: 
  No lockfile
